生成启动时间为 2017/5/31 15:21:05。
     1>项目“E:\Rtmp_Reference\RtmpEncoder\RtmpEncoder\RtmpEncoder\RtmpEncoder.vcxproj”在节点 2 上(build 个目标)。
     1>InitializeBuildStatus:
         正在创建“Debug\RtmpEncoder.unsuccessfulbuild”，因为已指定“AlwaysCreate”。
       ClCompile:
         所有输出均为最新。
         C:\Program Files (x86)\Microsoft Visual Studio 10.0\VC\bin\CL.exe /c /IE:\243\Include /IE:\243\Include\opencv /IE:\243\Include\opencv2 /Iffmpeg\include /I"C:\Program Files (x86)\Visual Leak Detector\include" /ZI /nologo /W3 /WX- /Od /Oy- /D WIN32 /D _DEBUG /D _CONSOLE /D _UNICODE /D UNICODE /Gm /EHsc /RTC1 /MDd /GS /fp:precise /Zc:wchar_t /Zc:forScope /Yu"StdAfx.h" /Fp"Debug\RtmpEncoder.pch" /Fo"Debug\\" /Fd"Debug\vc100.pdb" /Gd /TP /analyze- /errorReport:prompt UsbCamera.cpp
         UsbCamera.cpp
     1>e:\243\include\opencv2\flann\logger.h(66): warning C4996: 'fopen': This function or variable may be unsafe. Consider using fopen_s instead. To disable deprecation, use _CRT_SECURE_NO_WARNINGS. See online help for details.
                 c:\program files (x86)\microsoft visual studio 10.0\vc\include\stdio.h(234) : 参见“fopen”的声明
     1>e:\rtmp_reference\rtmpencoder\rtmpencoder\rtmpencoder\usbcamera.cpp(30): warning C4244: “初始化”: 从“double”转换到“int”，可能丢失数据
     1>e:\rtmp_reference\rtmpencoder\rtmpencoder\rtmpencoder\usbcamera.cpp(31): warning C4244: “初始化”: 从“double”转换到“int”，可能丢失数据
     1>e:\rtmp_reference\rtmpencoder\rtmpencoder\rtmpencoder\usbcamera.cpp(101): warning C4996: 'sprintf': This function or variable may be unsafe. Consider using sprintf_s instead. To disable deprecation, use _CRT_SECURE_NO_WARNINGS. See online help for details.
                 c:\program files (x86)\microsoft visual studio 10.0\vc\include\stdio.h(371) : 参见“sprintf”的声明
     1>e:\rtmp_reference\rtmpencoder\rtmpencoder\rtmpencoder\usbcamera.cpp(102): warning C4996: 'fopen': This function or variable may be unsafe. Consider using fopen_s instead. To disable deprecation, use _CRT_SECURE_NO_WARNINGS. See online help for details.
                 c:\program files (x86)\microsoft visual studio 10.0\vc\include\stdio.h(234) : 参见“fopen”的声明
       ManifestResourceCompile:
         所有输出均为最新。
       Link:
         C:\Program Files (x86)\Microsoft Visual Studio 10.0\VC\bin\link.exe /ERRORREPORT:PROMPT /OUT:"E:\Rtmp_Reference\RtmpEncoder\RtmpEncoder\Debug\RtmpEncoder.exe" /INCREMENTAL /NOLOGO /LIBPATH:E:\243\opencvLib /LIBPATH:ffmpeg\lib /LIBPATH:"C:\Program Files (x86)\Visual Leak Detector\lib\Win32" RtmpLib.lib opencv_highgui243.lib opencv_core243.lib opencv_imgproc243.lib avcodec.lib avformat.lib swscale.lib avutil.lib kernel32.lib user32.lib gdi32.lib winspool.lib comdlg32.lib advapi32.lib shell32.lib ole32.lib oleaut32.lib uuid.lib odbc32.lib odbccp32.lib /MANIFEST /ManifestFile:"Debug\RtmpEncoder.exe.intermediate.manifest" /MANIFESTUAC:"level='asInvoker' uiAccess='false'" /DEBUG /PDB:"E:\Rtmp_Reference\RtmpEncoder\RtmpEncoder\Debug\RtmpEncoder.pdb" /SUBSYSTEM:CONSOLE /TLBID:1 /DYNAMICBASE /NXCOMPAT /IMPLIB:"E:\Rtmp_Reference\RtmpEncoder\RtmpEncoder\Debug\RtmpEncoder.lib" /MACHINE:X86 Debug\RtmpEncoder.exe.embed.manifest.res
         Debug\CEncoder.obj
         Debug\Common.obj
         Debug\CRtmpStream.obj
         Debug\RtmpEncoder.obj
         Debug\stdafx.obj
         Debug\UsbCamera.obj
         RtmpLib.lib(rtmp.obj) : 找到 MSIL .netmodule 或使用 /GL 编译的模块；正在使用 /LTCG 重新启动链接；将 /LTCG 添加到链接命令行以改进链接器性能
     1>LINK : warning LNK4075: 忽略“/INCREMENTAL”(由于“/LTCG”规范)
     1>LINK : warning LNK4098: 默认库“MSVCRT”与其他库的使用冲突；请使用 /NODEFAULTLIB:library
     1>LINK : warning LNK4098: 默认库“LIBCMT”与其他库的使用冲突；请使用 /NODEFAULTLIB:library
         正在生成代码
         已完成代码的生成
       Manifest:
         C:\Program Files (x86)\Microsoft SDKs\Windows\v7.0A\bin\mt.exe /nologo /verbose /out:"Debug\RtmpEncoder.exe.embed.manifest" /manifest Debug\RtmpEncoder.exe.intermediate.manifest
         所有输出均为最新。
       LinkEmbedManifest:
         所有输出均为最新。
         RtmpEncoder.vcxproj -> E:\Rtmp_Reference\RtmpEncoder\RtmpEncoder\Debug\RtmpEncoder.exe
       FinalizeBuildStatus:
         正在删除文件“Debug\RtmpEncoder.unsuccessfulbuild”。
         正在对“Debug\RtmpEncoder.lastbuildstate”执行 Touch 任务。
     1>已完成生成项目“E:\Rtmp_Reference\RtmpEncoder\RtmpEncoder\RtmpEncoder\RtmpEncoder.vcxproj”(build 个目标)的操作。

生成成功。

已用时间 00:00:02.47
